Performing C++ SOURCE FILE Test COMPILER_SUPPORT_Wshorten64to32 failed with the following output:
Change Dir: /home/flw/master_thesis/automated_labeling/approxmvbb_implementation/eigen_build_dir/CMakeFiles/CMakeTmp

Run Build Command:"/usr/bin/make" "cmTC_ec866/fast"
/usr/bin/make -f CMakeFiles/cmTC_ec866.dir/build.make CMakeFiles/cmTC_ec866.dir/build
make[1]: Entering directory '/home/flw/master_thesis/automated_labeling/approxmvbb_implementation/eigen_build_dir/CMakeFiles/CMakeTmp'
Building CXX object CMakeFiles/cmTC_ec866.dir/src.cxx.o
/usr/bin/c++     -std=c++03 -pedantic -Wall -Wextra -Wundef -Wcast-align -Wchar-subscripts -Wnon-virtual-dtor -Wunused-local-typedefs -Wpointer-arith -Wwrite-strings -Wformat-security -DCOMPILER_SUPPORT_Wshorten64to32 -Werror   -Wshorten-64-to-32 -o CMakeFiles/cmTC_ec866.dir/src.cxx.o -c /home/flw/master_thesis/automated_labeling/approxmvbb_implementation/eigen_build_dir/CMakeFiles/CMakeTmp/src.cxx
c++: error: unrecognized command line option '-Wshorten-64-to-32'
CMakeFiles/cmTC_ec866.dir/build.make:65: recipe for target 'CMakeFiles/cmTC_ec866.dir/src.cxx.o' failed
make[1]: *** [CMakeFiles/cmTC_ec866.dir/src.cxx.o] Error 1
make[1]: Leaving directory '/home/flw/master_thesis/automated_labeling/approxmvbb_implementation/eigen_build_dir/CMakeFiles/CMakeTmp'
Makefile:126: recipe for target 'cmTC_ec866/fast' failed
make: *** [cmTC_ec866/fast] Error 2

Source file was:
int main() { return 0; }
Performing C++ SOURCE FILE Test COMPILER_SUPPORT_Wenumconversion failed with the following output:
Change Dir: /home/flw/master_thesis/automated_labeling/approxmvbb_implementation/eigen_build_dir/CMakeFiles/CMakeTmp

Run Build Command:"/usr/bin/make" "cmTC_d7116/fast"
/usr/bin/make -f CMakeFiles/cmTC_d7116.dir/build.make CMakeFiles/cmTC_d7116.dir/build
make[1]: Entering directory '/home/flw/master_thesis/automated_labeling/approxmvbb_implementation/eigen_build_dir/CMakeFiles/CMakeTmp'
Building CXX object CMakeFiles/cmTC_d7116.dir/src.cxx.o
/usr/bin/c++     -std=c++03 -pedantic -Wall -Wextra -Wundef -Wcast-align -Wchar-subscripts -Wnon-virtual-dtor -Wunused-local-typedefs -Wpointer-arith -Wwrite-strings -Wformat-security -Wlogical-op -DCOMPILER_SUPPORT_Wenumconversion -Werror   -Wenum-conversion -o CMakeFiles/cmTC_d7116.dir/src.cxx.o -c /home/flw/master_thesis/automated_labeling/approxmvbb_implementation/eigen_build_dir/CMakeFiles/CMakeTmp/src.cxx
c++: error: unrecognized command line option '-Wenum-conversion'
CMakeFiles/cmTC_d7116.dir/build.make:65: recipe for target 'CMakeFiles/cmTC_d7116.dir/src.cxx.o' failed
make[1]: *** [CMakeFiles/cmTC_d7116.dir/src.cxx.o] Error 1
make[1]: Leaving directory '/home/flw/master_thesis/automated_labeling/approxmvbb_implementation/eigen_build_dir/CMakeFiles/CMakeTmp'
Makefile:126: recipe for target 'cmTC_d7116/fast' failed
make: *** [cmTC_d7116/fast] Error 2

Source file was:
int main() { return 0; }
Performing C++ SOURCE FILE Test COMPILER_SUPPORT_Wcpp11extensions failed with the following output:
Change Dir: /home/flw/master_thesis/automated_labeling/approxmvbb_implementation/eigen_build_dir/CMakeFiles/CMakeTmp

Run Build Command:"/usr/bin/make" "cmTC_f5356/fast"
/usr/bin/make -f CMakeFiles/cmTC_f5356.dir/build.make CMakeFiles/cmTC_f5356.dir/build
make[1]: Entering directory '/home/flw/master_thesis/automated_labeling/approxmvbb_implementation/eigen_build_dir/CMakeFiles/CMakeTmp'
Building CXX object CMakeFiles/cmTC_f5356.dir/src.cxx.o
/usr/bin/c++     -std=c++03 -pedantic -Wall -Wextra -Wundef -Wcast-align -Wchar-subscripts -Wnon-virtual-dtor -Wunused-local-typedefs -Wpointer-arith -Wwrite-strings -Wformat-security -Wlogical-op -DCOMPILER_SUPPORT_Wcpp11extensions -Werror   -Wc++11-extensions -o CMakeFiles/cmTC_f5356.dir/src.cxx.o -c /home/flw/master_thesis/automated_labeling/approxmvbb_implementation/eigen_build_dir/CMakeFiles/CMakeTmp/src.cxx
c++: error: unrecognized command line option '-Wc++11-extensions'
CMakeFiles/cmTC_f5356.dir/build.make:65: recipe for target 'CMakeFiles/cmTC_f5356.dir/src.cxx.o' failed
make[1]: *** [CMakeFiles/cmTC_f5356.dir/src.cxx.o] Error 1
make[1]: Leaving directory '/home/flw/master_thesis/automated_labeling/approxmvbb_implementation/eigen_build_dir/CMakeFiles/CMakeTmp'
Makefile:126: recipe for target 'cmTC_f5356/fast' failed
make: *** [cmTC_f5356/fast] Error 2

Source file was:
int main() { return 0; }
Performing C++ SOURCE FILE Test COMPILER_SUPPORT_wd981 failed with the following output:
Change Dir: /home/flw/master_thesis/automated_labeling/approxmvbb_implementation/eigen_build_dir/CMakeFiles/CMakeTmp

Run Build Command:"/usr/bin/make" "cmTC_f9e6c/fast"
/usr/bin/make -f CMakeFiles/cmTC_f9e6c.dir/build.make CMakeFiles/cmTC_f9e6c.dir/build
make[1]: Entering directory '/home/flw/master_thesis/automated_labeling/approxmvbb_implementation/eigen_build_dir/CMakeFiles/CMakeTmp'
Building CXX object CMakeFiles/cmTC_f9e6c.dir/src.cxx.o
/usr/bin/c++     -std=c++03 -pedantic -Wall -Wextra -Wundef -Wcast-align -Wchar-subscripts -Wnon-virtual-dtor -Wunused-local-typedefs -Wpointer-arith -Wwrite-strings -Wformat-security -Wlogical-op -Wdouble-promotion -Wshadow -Wno-psabi -Wno-variadic-macros -Wno-long-long -fno-check-new -fno-common -fstrict-aliasing -DCOMPILER_SUPPORT_wd981 -Werror   -wd981 -o CMakeFiles/cmTC_f9e6c.dir/src.cxx.o -c /home/flw/master_thesis/automated_labeling/approxmvbb_implementation/eigen_build_dir/CMakeFiles/CMakeTmp/src.cxx
c++: error: unrecognized command line option '-wd981'
CMakeFiles/cmTC_f9e6c.dir/build.make:65: recipe for target 'CMakeFiles/cmTC_f9e6c.dir/src.cxx.o' failed
make[1]: *** [CMakeFiles/cmTC_f9e6c.dir/src.cxx.o] Error 1
make[1]: Leaving directory '/home/flw/master_thesis/automated_labeling/approxmvbb_implementation/eigen_build_dir/CMakeFiles/CMakeTmp'
Makefile:126: recipe for target 'cmTC_f9e6c/fast' failed
make: *** [cmTC_f9e6c/fast] Error 2

Source file was:
int main() { return 0; }
Performing C++ SOURCE FILE Test COMPILER_SUPPORT_wd2304 failed with the following output:
Change Dir: /home/flw/master_thesis/automated_labeling/approxmvbb_implementation/eigen_build_dir/CMakeFiles/CMakeTmp

Run Build Command:"/usr/bin/make" "cmTC_a70fd/fast"
/usr/bin/make -f CMakeFiles/cmTC_a70fd.dir/build.make CMakeFiles/cmTC_a70fd.dir/build
make[1]: Entering directory '/home/flw/master_thesis/automated_labeling/approxmvbb_implementation/eigen_build_dir/CMakeFiles/CMakeTmp'
Building CXX object CMakeFiles/cmTC_a70fd.dir/src.cxx.o
/usr/bin/c++     -std=c++03 -pedantic -Wall -Wextra -Wundef -Wcast-align -Wchar-subscripts -Wnon-virtual-dtor -Wunused-local-typedefs -Wpointer-arith -Wwrite-strings -Wformat-security -Wlogical-op -Wdouble-promotion -Wshadow -Wno-psabi -Wno-variadic-macros -Wno-long-long -fno-check-new -fno-common -fstrict-aliasing -DCOMPILER_SUPPORT_wd2304 -Werror   -wd2304 -o CMakeFiles/cmTC_a70fd.dir/src.cxx.o -c /home/flw/master_thesis/automated_labeling/approxmvbb_implementation/eigen_build_dir/CMakeFiles/CMakeTmp/src.cxx
c++: error: unrecognized command line option '-wd2304'
CMakeFiles/cmTC_a70fd.dir/build.make:65: recipe for target 'CMakeFiles/cmTC_a70fd.dir/src.cxx.o' failed
make[1]: *** [CMakeFiles/cmTC_a70fd.dir/src.cxx.o] Error 1
make[1]: Leaving directory '/home/flw/master_thesis/automated_labeling/approxmvbb_implementation/eigen_build_dir/CMakeFiles/CMakeTmp'
Makefile:126: recipe for target 'cmTC_a70fd/fast' failed
make: *** [cmTC_a70fd/fast] Error 2

Source file was:
int main() { return 0; }
Performing C++ SOURCE FILE Test COMPILER_SUPPORT_STRICTANSI failed with the following output:
Change Dir: /home/flw/master_thesis/automated_labeling/approxmvbb_implementation/eigen_build_dir/CMakeFiles/CMakeTmp

Run Build Command:"/usr/bin/make" "cmTC_790d6/fast"
/usr/bin/make -f CMakeFiles/cmTC_790d6.dir/build.make CMakeFiles/cmTC_790d6.dir/build
make[1]: Entering directory '/home/flw/master_thesis/automated_labeling/approxmvbb_implementation/eigen_build_dir/CMakeFiles/CMakeTmp'
Building CXX object CMakeFiles/cmTC_790d6.dir/src.cxx.o
/usr/bin/c++     -std=c++03 -pedantic -Wall -Wextra -Wundef -Wcast-align -Wchar-subscripts -Wnon-virtual-dtor -Wunused-local-typedefs -Wpointer-arith -Wwrite-strings -Wformat-security -Wlogical-op -Wdouble-promotion -Wshadow -Wno-psabi -Wno-variadic-macros -Wno-long-long -fno-check-new -fno-common -fstrict-aliasing -DCOMPILER_SUPPORT_STRICTANSI -Werror   -strict-ansi -o CMakeFiles/cmTC_790d6.dir/src.cxx.o -c /home/flw/master_thesis/automated_labeling/approxmvbb_implementation/eigen_build_dir/CMakeFiles/CMakeTmp/src.cxx
c++: error: unrecognized command line option '-strict-ansi'
CMakeFiles/cmTC_790d6.dir/build.make:65: recipe for target 'CMakeFiles/cmTC_790d6.dir/src.cxx.o' failed
make[1]: *** [CMakeFiles/cmTC_790d6.dir/src.cxx.o] Error 1
make[1]: Leaving directory '/home/flw/master_thesis/automated_labeling/approxmvbb_implementation/eigen_build_dir/CMakeFiles/CMakeTmp'
Makefile:126: recipe for target 'cmTC_790d6/fast' failed
make: *** [cmTC_790d6/fast] Error 2

Source file was:
int main() { return 0; }
Performing C++ SOURCE FILE Test COMPILER_SUPPORT_Qunusedarguments failed with the following output:
Change Dir: /home/flw/master_thesis/automated_labeling/approxmvbb_implementation/eigen_build_dir/CMakeFiles/CMakeTmp

Run Build Command:"/usr/bin/make" "cmTC_acf01/fast"
/usr/bin/make -f CMakeFiles/cmTC_acf01.dir/build.make CMakeFiles/cmTC_acf01.dir/build
make[1]: Entering directory '/home/flw/master_thesis/automated_labeling/approxmvbb_implementation/eigen_build_dir/CMakeFiles/CMakeTmp'
Building CXX object CMakeFiles/cmTC_acf01.dir/src.cxx.o
/usr/bin/c++     -std=c++03 -pedantic -Wall -Wextra -Wundef -Wcast-align -Wchar-subscripts -Wnon-virtual-dtor -Wunused-local-typedefs -Wpointer-arith -Wwrite-strings -Wformat-security -Wlogical-op -Wdouble-promotion -Wshadow -Wno-psabi -Wno-variadic-macros -Wno-long-long -fno-check-new -fno-common -fstrict-aliasing -DCOMPILER_SUPPORT_Qunusedarguments -Werror   -Qunused-arguments -o CMakeFiles/cmTC_acf01.dir/src.cxx.o -c /home/flw/master_thesis/automated_labeling/approxmvbb_implementation/eigen_build_dir/CMakeFiles/CMakeTmp/src.cxx
c++: error: unrecognized command line option '-Qunused-arguments'
CMakeFiles/cmTC_acf01.dir/build.make:65: recipe for target 'CMakeFiles/cmTC_acf01.dir/src.cxx.o' failed
make[1]: *** [CMakeFiles/cmTC_acf01.dir/src.cxx.o] Error 1
make[1]: Leaving directory '/home/flw/master_thesis/automated_labeling/approxmvbb_implementation/eigen_build_dir/CMakeFiles/CMakeTmp'
Makefile:126: recipe for target 'cmTC_acf01/fast' failed
make: *** [cmTC_acf01/fast] Error 2

Source file was:
int main() { return 0; }
Determining if the Q_WS_WIN exist failed with the following output:
Change Dir: /home/flw/master_thesis/automated_labeling/approxmvbb_implementation/eigen_build_dir/CMakeFiles/CMakeTmp

Run Build Command:"/usr/bin/make" "cmTC_ff3c6/fast"
/usr/bin/make -f CMakeFiles/cmTC_ff3c6.dir/build.make CMakeFiles/cmTC_ff3c6.dir/build
make[1]: Entering directory '/home/flw/master_thesis/automated_labeling/approxmvbb_implementation/eigen_build_dir/CMakeFiles/CMakeTmp'
Building CXX object CMakeFiles/cmTC_ff3c6.dir/CheckSymbolExists.cxx.o
/usr/bin/c++    -I/usr/include/qt4  -std=c++03 -pedantic -Wall -Wextra -Wundef -Wcast-align -Wchar-subscripts -Wnon-virtual-dtor -Wunused-local-typedefs -Wpointer-arith -Wwrite-strings -Wformat-security -Wlogical-op -Wdouble-promotion -Wshadow -Wno-psabi -Wno-variadic-macros -Wno-long-long -fno-check-new -fno-common -fstrict-aliasing -ansi -O1 -g1    -o CMakeFiles/cmTC_ff3c6.dir/CheckSymbolExists.cxx.o -c /home/flw/master_thesis/automated_labeling/approxmvbb_implementation/eigen_build_dir/CMakeFiles/CMakeTmp/CheckSymbolExists.cxx
/home/flw/master_thesis/automated_labeling/approxmvbb_implementation/eigen_build_dir/CMakeFiles/CMakeTmp/CheckSymbolExists.cxx: In function ‘int main(int, char**)’:
/home/flw/master_thesis/automated_labeling/approxmvbb_implementation/eigen_build_dir/CMakeFiles/CMakeTmp/CheckSymbolExists.cxx:8:19: error: ‘Q_WS_WIN’ was not declared in this scope
   return ((int*)(&Q_WS_WIN))[argc];
                   ^
CMakeFiles/cmTC_ff3c6.dir/build.make:65: recipe for target 'CMakeFiles/cmTC_ff3c6.dir/CheckSymbolExists.cxx.o' failed
make[1]: *** [CMakeFiles/cmTC_ff3c6.dir/CheckSymbolExists.cxx.o] Error 1
make[1]: Leaving directory '/home/flw/master_thesis/automated_labeling/approxmvbb_implementation/eigen_build_dir/CMakeFiles/CMakeTmp'
Makefile:126: recipe for target 'cmTC_ff3c6/fast' failed
make: *** [cmTC_ff3c6/fast] Error 2

File /home/flw/master_thesis/automated_labeling/approxmvbb_implementation/eigen_build_dir/CMakeFiles/CMakeTmp/CheckSymbolExists.cxx:
/* */
#include <QtCore/qglobal.h>

int main(int argc, char** argv)
{
  (void)argv;
#ifndef Q_WS_WIN
  return ((int*)(&Q_WS_WIN))[argc];
#else
  (void)argc;
  return 0;
#endif
}

Determining if the Q_WS_QWS exist failed with the following output:
Change Dir: /home/flw/master_thesis/automated_labeling/approxmvbb_implementation/eigen_build_dir/CMakeFiles/CMakeTmp

Run Build Command:"/usr/bin/make" "cmTC_3c8a8/fast"
/usr/bin/make -f CMakeFiles/cmTC_3c8a8.dir/build.make CMakeFiles/cmTC_3c8a8.dir/build
make[1]: Entering directory '/home/flw/master_thesis/automated_labeling/approxmvbb_implementation/eigen_build_dir/CMakeFiles/CMakeTmp'
Building CXX object CMakeFiles/cmTC_3c8a8.dir/CheckSymbolExists.cxx.o
/usr/bin/c++    -I/usr/include/qt4  -std=c++03 -pedantic -Wall -Wextra -Wundef -Wcast-align -Wchar-subscripts -Wnon-virtual-dtor -Wunused-local-typedefs -Wpointer-arith -Wwrite-strings -Wformat-security -Wlogical-op -Wdouble-promotion -Wshadow -Wno-psabi -Wno-variadic-macros -Wno-long-long -fno-check-new -fno-common -fstrict-aliasing -ansi -O1 -g1    -o CMakeFiles/cmTC_3c8a8.dir/CheckSymbolExists.cxx.o -c /home/flw/master_thesis/automated_labeling/approxmvbb_implementation/eigen_build_dir/CMakeFiles/CMakeTmp/CheckSymbolExists.cxx
/home/flw/master_thesis/automated_labeling/approxmvbb_implementation/eigen_build_dir/CMakeFiles/CMakeTmp/CheckSymbolExists.cxx: In function ‘int main(int, char**)’:
/home/flw/master_thesis/automated_labeling/approxmvbb_implementation/eigen_build_dir/CMakeFiles/CMakeTmp/CheckSymbolExists.cxx:8:19: error: ‘Q_WS_QWS’ was not declared in this scope
   return ((int*)(&Q_WS_QWS))[argc];
                   ^
CMakeFiles/cmTC_3c8a8.dir/build.make:65: recipe for target 'CMakeFiles/cmTC_3c8a8.dir/CheckSymbolExists.cxx.o' failed
make[1]: *** [CMakeFiles/cmTC_3c8a8.dir/CheckSymbolExists.cxx.o] Error 1
make[1]: Leaving directory '/home/flw/master_thesis/automated_labeling/approxmvbb_implementation/eigen_build_dir/CMakeFiles/CMakeTmp'
Makefile:126: recipe for target 'cmTC_3c8a8/fast' failed
make: *** [cmTC_3c8a8/fast] Error 2

File /home/flw/master_thesis/automated_labeling/approxmvbb_implementation/eigen_build_dir/CMakeFiles/CMakeTmp/CheckSymbolExists.cxx:
/* */
#include <QtCore/qglobal.h>

int main(int argc, char** argv)
{
  (void)argv;
#ifndef Q_WS_QWS
  return ((int*)(&Q_WS_QWS))[argc];
#else
  (void)argc;
  return 0;
#endif
}

Determining if the Q_WS_MAC exist failed with the following output:
Change Dir: /home/flw/master_thesis/automated_labeling/approxmvbb_implementation/eigen_build_dir/CMakeFiles/CMakeTmp

Run Build Command:"/usr/bin/make" "cmTC_776bb/fast"
/usr/bin/make -f CMakeFiles/cmTC_776bb.dir/build.make CMakeFiles/cmTC_776bb.dir/build
make[1]: Entering directory '/home/flw/master_thesis/automated_labeling/approxmvbb_implementation/eigen_build_dir/CMakeFiles/CMakeTmp'
Building CXX object CMakeFiles/cmTC_776bb.dir/CheckSymbolExists.cxx.o
/usr/bin/c++    -I/usr/include/qt4  -std=c++03 -pedantic -Wall -Wextra -Wundef -Wcast-align -Wchar-subscripts -Wnon-virtual-dtor -Wunused-local-typedefs -Wpointer-arith -Wwrite-strings -Wformat-security -Wlogical-op -Wdouble-promotion -Wshadow -Wno-psabi -Wno-variadic-macros -Wno-long-long -fno-check-new -fno-common -fstrict-aliasing -ansi -O1 -g1    -o CMakeFiles/cmTC_776bb.dir/CheckSymbolExists.cxx.o -c /home/flw/master_thesis/automated_labeling/approxmvbb_implementation/eigen_build_dir/CMakeFiles/CMakeTmp/CheckSymbolExists.cxx
/home/flw/master_thesis/automated_labeling/approxmvbb_implementation/eigen_build_dir/CMakeFiles/CMakeTmp/CheckSymbolExists.cxx: In function ‘int main(int, char**)’:
/home/flw/master_thesis/automated_labeling/approxmvbb_implementation/eigen_build_dir/CMakeFiles/CMakeTmp/CheckSymbolExists.cxx:8:19: error: ‘Q_WS_MAC’ was not declared in this scope
   return ((int*)(&Q_WS_MAC))[argc];
                   ^
CMakeFiles/cmTC_776bb.dir/build.make:65: recipe for target 'CMakeFiles/cmTC_776bb.dir/CheckSymbolExists.cxx.o' failed
make[1]: *** [CMakeFiles/cmTC_776bb.dir/CheckSymbolExists.cxx.o] Error 1
make[1]: Leaving directory '/home/flw/master_thesis/automated_labeling/approxmvbb_implementation/eigen_build_dir/CMakeFiles/CMakeTmp'
Makefile:126: recipe for target 'cmTC_776bb/fast' failed
make: *** [cmTC_776bb/fast] Error 2

File /home/flw/master_thesis/automated_labeling/approxmvbb_implementation/eigen_build_dir/CMakeFiles/CMakeTmp/CheckSymbolExists.cxx:
/* */
#include <QtCore/qglobal.h>

int main(int argc, char** argv)
{
  (void)argv;
#ifndef Q_WS_MAC
  return ((int*)(&Q_WS_MAC))[argc];
#else
  (void)argc;
  return 0;
#endif
}

Determining if the pthread_create exist failed with the following output:
Change Dir: /home/flw/master_thesis/automated_labeling/approxmvbb_implementation/eigen_build_dir/CMakeFiles/CMakeTmp

Run Build Command:"/usr/bin/make" "cmTC_0ddb2/fast"
/usr/bin/make -f CMakeFiles/cmTC_0ddb2.dir/build.make CMakeFiles/cmTC_0ddb2.dir/build
make[1]: Entering directory '/home/flw/master_thesis/automated_labeling/approxmvbb_implementation/eigen_build_dir/CMakeFiles/CMakeTmp'
Building C object CMakeFiles/cmTC_0ddb2.dir/CheckSymbolExists.c.o
/usr/bin/cc     -o CMakeFiles/cmTC_0ddb2.dir/CheckSymbolExists.c.o   -c /home/flw/master_thesis/automated_labeling/approxmvbb_implementation/eigen_build_dir/CMakeFiles/CMakeTmp/CheckSymbolExists.c
Linking C executable cmTC_0ddb2
/usr/bin/cmake -E cmake_link_script CMakeFiles/cmTC_0ddb2.dir/link.txt --verbose=1
/usr/bin/cc       CMakeFiles/cmTC_0ddb2.dir/CheckSymbolExists.c.o  -o cmTC_0ddb2 -rdynamic 
CMakeFiles/cmTC_0ddb2.dir/CheckSymbolExists.c.o: In function `main':
CheckSymbolExists.c:(.text+0x16): undefined reference to `pthread_create'
collect2: error: ld returned 1 exit status
CMakeFiles/cmTC_0ddb2.dir/build.make:97: recipe for target 'cmTC_0ddb2' failed
make[1]: *** [cmTC_0ddb2] Error 1
make[1]: Leaving directory '/home/flw/master_thesis/automated_labeling/approxmvbb_implementation/eigen_build_dir/CMakeFiles/CMakeTmp'
Makefile:126: recipe for target 'cmTC_0ddb2/fast' failed
make: *** [cmTC_0ddb2/fast] Error 2

File /home/flw/master_thesis/automated_labeling/approxmvbb_implementation/eigen_build_dir/CMakeFiles/CMakeTmp/CheckSymbolExists.c:
/* */
#include <pthread.h>

int main(int argc, char** argv)
{
  (void)argv;
#ifndef pthread_create
  return ((int*)(&pthread_create))[argc];
#else
  (void)argc;
  return 0;
#endif
}

Determining if the function pthread_create exists in the pthreads failed with the following output:
Change Dir: /home/flw/master_thesis/automated_labeling/approxmvbb_implementation/eigen_build_dir/CMakeFiles/CMakeTmp

Run Build Command:"/usr/bin/make" "cmTC_c2074/fast"
/usr/bin/make -f CMakeFiles/cmTC_c2074.dir/build.make CMakeFiles/cmTC_c2074.dir/build
make[1]: Entering directory '/home/flw/master_thesis/automated_labeling/approxmvbb_implementation/eigen_build_dir/CMakeFiles/CMakeTmp'
Building C object CMakeFiles/cmTC_c2074.dir/CheckFunctionExists.c.o
/usr/bin/cc    -DCHECK_FUNCTION_EXISTS=pthread_create   -o CMakeFiles/cmTC_c2074.dir/CheckFunctionExists.c.o   -c /usr/share/cmake-3.5/Modules/CheckFunctionExists.c
Linking C executable cmTC_c2074
/usr/bin/cmake -E cmake_link_script CMakeFiles/cmTC_c2074.dir/link.txt --verbose=1
/usr/bin/cc   -DCHECK_FUNCTION_EXISTS=pthread_create    CMakeFiles/cmTC_c2074.dir/CheckFunctionExists.c.o  -o cmTC_c2074 -rdynamic -lpthreads 
/usr/bin/ld: cannot find -lpthreads
collect2: error: ld returned 1 exit status
CMakeFiles/cmTC_c2074.dir/build.make:97: recipe for target 'cmTC_c2074' failed
make[1]: *** [cmTC_c2074] Error 1
make[1]: Leaving directory '/home/flw/master_thesis/automated_labeling/approxmvbb_implementation/eigen_build_dir/CMakeFiles/CMakeTmp'
Makefile:126: recipe for target 'cmTC_c2074/fast' failed
make: *** [cmTC_c2074/fast] Error 2


